2026-01-07 23:42:50,646 - telegram_bot - INFO - –ë–æ—Ç –∏–Ω–∏—Ü–∏–∞–ª–∏–∑–∏—Ä–æ–≤–∞–Ω
2026-01-07 23:42:50,688 - telegram_bot - INFO - ü§ñ –ë–æ—Ç –∑–∞–ø—É—â–µ–Ω –∏ –≥–æ—Ç–æ–≤ –∫ —Ä–∞–±–æ—Ç–µ
2026-01-07 23:42:52,335 - telegram_bot - ERROR - HTTP –æ—à–∏–±–∫–∞ –ø—Ä–∏ –æ—Ç–ø—Ä–∞–≤–∫–µ —É–≤–µ–¥–æ–º–ª–µ–Ω–∏—è: 401
2026-01-07 23:42:52,336 - telegram_bot - ERROR - –ö—Ä–∏—Ç–∏—á–µ—Å–∫–∞—è –æ—à–∏–±–∫–∞: The token `7630995242:AAEIKCuBIgJBmQImQeRf54tUqCzSTXN6STc` was rejected by the server.
Traceback (most recent call last):
  File "/home/kegon/.local/lib/python3.12/site-packages/telegram/_bot.py", line 729, in initialize
    await self.get_me()
  File "/home/kegon/.local/lib/python3.12/site-packages/telegram/ext/_extbot.py", line 1704, in get_me
    return await super().get_me(
           ^^^^^^^^^^^^^^^^^^^^^
  File "/home/kegon/.local/lib/python3.12/site-packages/telegram/_bot.py", line 519, in decorator
    result = await func(self, *args, **kwargs)  # skipcq: PYL-E1102
             ^^^^^^^^^^^^^^^^^^^^^^^^^^^^^^^^^
  File "/home/kegon/.local/lib/python3.12/site-packages/telegram/_bot.py", line 769, in get_me
    result = await self._post(
             ^^^^^^^^^^^^^^^^^
  File "/home/kegon/.local/lib/python3.12/site-packages/telegram/_bot.py", line 607, in _post
    return await self._do_post(
           ^^^^^^^^^^^^^^^^^^^^
  File "/home/kegon/.local/lib/python3.12/site-packages/telegram/ext/_extbot.py", line 347, in _do_post
    return await super()._do_post(
           ^^^^^^^^^^^^^^^^^^^^^^^
  File "/home/kegon/.local/lib/python3.12/site-packages/telegram/_bot.py", line 635, in _do_post
    return await request.post(
           ^^^^^^^^^^^^^^^^^^^
  File "/home/kegon/.local/lib/python3.12/site-packages/telegram/request/_baserequest.py", line 168, in post
    result = await self._request_wrapper(
             ^^^^^^^^^^^^^^^^^^^^^^^^^^^^
  File "/home/kegon/.local/lib/python3.12/site-packages/telegram/request/_baserequest.py", line 323, in _request_wrapper
    raise InvalidToken(message)
telegram.error.InvalidToken: Unauthorized

The above exception was the direct cause of the following exception:

Traceback (most recent call last):
  File "/mnt/d/secure-telegram-terminal-main/secure-telegram-terminal-main/bot.py", line 706, in run
    app.run_polling(drop_pending_updates=True)
  File "/home/kegon/.local/lib/python3.12/site-packages/telegram/ext/_application.py", line 779, in run_polling
    return self.__run(
           ^^^^^^^^^^^
  File "/home/kegon/.local/lib/python3.12/site-packages/telegram/ext/_application.py", line 967, in __run
    raise exc
  File "/home/kegon/.local/lib/python3.12/site-packages/telegram/ext/_application.py", line 956, in __run
    loop.run_until_complete(self.initialize())
  File "/usr/lib/python3.12/asyncio/base_events.py", line 687, in run_until_complete
    return future.result()
           ^^^^^^^^^^^^^^^
  File "/home/kegon/.local/lib/python3.12/site-packages/telegram/ext/_application.py", line 467, in initialize
    await self.bot.initialize()
  File "/home/kegon/.local/lib/python3.12/site-packages/telegram/ext/_extbot.py", line 293, in initialize
    await super().initialize()
  File "/home/kegon/.local/lib/python3.12/site-packages/telegram/_bot.py", line 731, in initialize
    raise InvalidToken(f"The token `{self._token}` was rejected by the server.") from exc
telegram.error.InvalidToken: The token `7630995242:AAEIKCuBIgJBmQImQeRf54tUqCzSTXN6STc` was rejected by the server.
2026-01-07 23:42:52,339 - telegram_bot - INFO - –£–≤–µ–¥–æ–º–ª–µ–Ω–∏–µ –æ –∑–∞–ø—É—Å–∫–µ –æ—Ç–ø—Ä–∞–≤–ª–µ–Ω–æ
2026-01-07 23:42:52,356 - telegram_bot - ERROR - –ö—Ä–∏—Ç–∏—á–µ—Å–∫–∞—è –æ—à–∏–±–∫–∞ –ø—Ä–∏ –∑–∞–ø—É—Å–∫–µ: The token `7630995242:AAEIKCuBIgJBmQImQeRf54tUqCzSTXN6STc` was rejected by the server.
Traceback (most recent call last):
  File "/home/kegon/.local/lib/python3.12/site-packages/telegram/_bot.py", line 729, in initialize
    await self.get_me()
  File "/home/kegon/.local/lib/python3.12/site-packages/telegram/ext/_extbot.py", line 1704, in get_me
    return await super().get_me(
           ^^^^^^^^^^^^^^^^^^^^^
  File "/home/kegon/.local/lib/python3.12/site-packages/telegram/_bot.py", line 519, in decorator
    result = await func(self, *args, **kwargs)  # skipcq: PYL-E1102
             ^^^^^^^^^^^^^^^^^^^^^^^^^^^^^^^^^
  File "/home/kegon/.local/lib/python3.12/site-packages/telegram/_bot.py", line 769, in get_me
    result = await self._post(
             ^^^^^^^^^^^^^^^^^
  File "/home/kegon/.local/lib/python3.12/site-packages/telegram/_bot.py", line 607, in _post
    return await self._do_post(
           ^^^^^^^^^^^^^^^^^^^^
  File "/home/kegon/.local/lib/python3.12/site-packages/telegram/ext/_extbot.py", line 347, in _do_post
    return await super()._do_post(
           ^^^^^^^^^^^^^^^^^^^^^^^
  File "/home/kegon/.local/lib/python3.12/site-packages/telegram/_bot.py", line 635, in _do_post
    return await request.post(
           ^^^^^^^^^^^^^^^^^^^
  File "/home/kegon/.local/lib/python3.12/site-packages/telegram/request/_baserequest.py", line 168, in post
    result = await self._request_wrapper(
             ^^^^^^^^^^^^^^^^^^^^^^^^^^^^
  File "/home/kegon/.local/lib/python3.12/site-packages/telegram/request/_baserequest.py", line 323, in _request_wrapper
    raise InvalidToken(message)
telegram.error.InvalidToken: Unauthorized

The above exception was the direct cause of the following exception:

Traceback (most recent call last):
  File "/mnt/d/secure-telegram-terminal-main/secure-telegram-terminal-main/bot.py", line 735, in main
    bot.run()
  File "/mnt/d/secure-telegram-terminal-main/secure-telegram-terminal-main/bot.py", line 706, in run
    app.run_polling(drop_pending_updates=True)
  File "/home/kegon/.local/lib/python3.12/site-packages/telegram/ext/_application.py", line 779, in run_polling
    return self.__run(
           ^^^^^^^^^^^
  File "/home/kegon/.local/lib/python3.12/site-packages/telegram/ext/_application.py", line 967, in __run
    raise exc
  File "/home/kegon/.local/lib/python3.12/site-packages/telegram/ext/_application.py", line 956, in __run
    loop.run_until_complete(self.initialize())
  File "/usr/lib/python3.12/asyncio/base_events.py", line 687, in run_until_complete
    return future.result()
           ^^^^^^^^^^^^^^^
  File "/home/kegon/.local/lib/python3.12/site-packages/telegram/ext/_application.py", line 467, in initialize
    await self.bot.initialize()
  File "/home/kegon/.local/lib/python3.12/site-packages/telegram/ext/_extbot.py", line 293, in initialize
    await super().initialize()
  File "/home/kegon/.local/lib/python3.12/site-packages/telegram/_bot.py", line 731, in initialize
    raise InvalidToken(f"The token `{self._token}` was rejected by the server.") from exc
telegram.error.InvalidToken: The token `7630995242:AAEIKCuBIgJBmQImQeRf54tUqCzSTXN6STc` was rejected by the server.
2026-01-07 23:42:52,375 - telegram_bot - ERROR - –û—à–∏–±–∫–∞ –æ—Ç–ø—Ä–∞–≤–∫–∏ —É–≤–µ–¥–æ–º–ª–µ–Ω–∏—è: cannot schedule new futures after interpreter shutdown
2026-01-07 23:42:52,379 - telegram_bot - INFO - –£–≤–µ–¥–æ–º–ª–µ–Ω–∏–µ –æ–± –æ—à–∏–±–∫–µ –æ—Ç–ø—Ä–∞–≤–ª–µ–Ω–æ
2026-01-07 23:48:54,150 - telegram_bot - INFO - –ë–æ—Ç –∏–Ω–∏—Ü–∏–∞–ª–∏–∑–∏—Ä–æ–≤–∞–Ω
2026-01-07 23:48:54,198 - telegram_bot - INFO - ü§ñ –ë–æ—Ç –∑–∞–ø—É—â–µ–Ω –∏ –≥–æ—Ç–æ–≤ –∫ —Ä–∞–±–æ—Ç–µ
2026-01-07 23:48:54,471 - telegram_bot - INFO - –£–≤–µ–¥–æ–º–ª–µ–Ω–∏–µ –æ—Ç–ø—Ä–∞–≤–ª–µ–Ω–æ —É—Å–ø–µ—à–Ω–æ
2026-01-07 23:48:54,474 - telegram_bot - INFO - –£–≤–µ–¥–æ–º–ª–µ–Ω–∏–µ –æ –∑–∞–ø—É—Å–∫–µ –æ—Ç–ø—Ä–∞–≤–ª–µ–Ω–æ
2026-01-07 23:49:42,052 - telegram_bot - INFO - –ü–æ–ª—É—á–µ–Ω–∞ –∫–æ–º–∞–Ω–¥–∞ /start –æ—Ç –ø–æ–ª—å–∑–æ–≤–∞—Ç–µ–ª—è 309993483 –≤ —á–∞—Ç–µ 309993483
2026-01-07 23:49:42,056 - telegram_bot - INFO - –û—Ç–ø—Ä–∞–≤–∫–∞ —Å–æ–æ–±—â–µ–Ω–∏—è —Å –∫–Ω–æ–ø–∫–∞–º–∏ –ø–æ–ª—å–∑–æ–≤–∞—Ç–µ–ª—é 309993483
2026-01-07 23:49:42,427 - telegram_bot - INFO - –°–æ–æ–±—â–µ–Ω–∏–µ —Å –∫–Ω–æ–ø–∫–∞–º–∏ —É—Å–ø–µ—à–Ω–æ –æ—Ç–ø—Ä–∞–≤–ª–µ–Ω–æ –ø–æ–ª—å–∑–æ–≤–∞—Ç–µ–ª—é 309993483
